#
# There is insufficient memory for the Java Runtime Environment to continue.
# Native memory allocation (malloc) failed to allocate 1048576 bytes for AllocateHeap
# Possible reasons:
#   The system is out of physical RAM or swap space
#   The process is running with CompressedOops enabled, and the Java Heap may be blocking the growth of the native heap
# Possible solutions:
#   Reduce memory load on the system
#   Increase physical memory or swap space
#   Check if swap backing store is full
#   Decrease Java heap size (-Xmx/-Xms)
#   Decrease number of Java threads
#   Decrease Java thread stack sizes (-Xss)
#   Set larger code cache with -XX:ReservedCodeCacheSize=
#   JVM is running with Unscaled Compressed Oops mode in which the Java heap is
#     placed in the first 4GB address space. The Java Heap base address is the
#     maximum limit for the native heap growth. Please use -XX:HeapBaseMinAddress
#     to set the Java Heap base and to place the Java Heap above 4GB virtual address.
# This output file may be truncated or incomplete.
#
#  Out of Memory Error (memory/allocation.inline.hpp:61), pid=13952, tid=0x0000000000003cfc
#
# JRE version:  (8.0_301-b09) (build )
# Java VM: Java HotSpot(TM) 64-Bit Server VM (25.301-b09 mixed mode windows-amd64 compressed oops)
# Failed to write core dump. Minidumps are not enabled by default on client versions of Windows
#

---------------  T H R E A D  ---------------

Current thread (0x00000239e27fd800):  JavaThread "Unknown thread" [_thread_in_vm, id=15612, stack(0x000000bf41e00000,0x000000bf41f00000)]

Stack: [0x000000bf41e00000,0x000000bf41f00000]
Native frames: (J=compiled Java code, j=interpreted, Vv=VM code, C=native code)
V  [jvm.dll+0x32ed79]
V  [jvm.dll+0x275722]
V  [jvm.dll+0x2763cd]
V  [jvm.dll+0x26ce05]
V  [jvm.dll+0x509d]
V  [jvm.dll+0x3c964d]
V  [jvm.dll+0x3ca4a1]
V  [jvm.dll+0x3c6367]
V  [jvm.dll+0xfcdcf]
V  [jvm.dll+0x20a0bb]
V  [jvm.dll+0x238ae7]
V  [jvm.dll+0x162876]
C  [javaw.exe+0x2322]
C  [javaw.exe+0x16544]
C  [KERNEL32.DLL+0x126bd]
C  [ntdll.dll+0x5a9f8]


---------------  P R O C E S S  ---------------

Java Threads: ( => current thread )

Other Threads:

=>0x00000239e27fd800 (exited) JavaThread "Unknown thread" [_thread_in_vm, id=15612, stack(0x000000bf41e00000,0x000000bf41f00000)]

VM state:not at safepoint (normal execution)

VM Mutex/Monitor currently owned by a thread: None

heap address: 0x00000000a1400000, size: 1516 MB, Compressed Oops mode: 32-bit
Narrow klass base: 0x0000000000000000, Narrow klass shift: 3
Compressed class space size: 1073741824 Address: 0x0000000100000000

Heap:
 PSYoungGen      total 28672K, used 491K [0x00000000e0700000, 0x00000000e2700000, 0x0000000100000000)
  eden space 24576K, 2% used [0x00000000e0700000,0x00000000e077ae20,0x00000000e1f00000)
  from space 4096K, 0% used [0x00000000e2300000,0x00000000e2300000,0x00000000e2700000)
  to   space 4096K, 0% used [0x00000000e1f00000,0x00000000e1f00000,0x00000000e2300000)
 ParOldGen       total 65536K, used 0K [0x00000000a1400000, 0x00000000a5400000, 0x00000000e0700000)
  object space 65536K, 0% used [0x00000000a1400000,0x00000000a1400000,0x00000000a5400000)
 Metaspace       used 778K, capacity 4480K, committed 4480K, reserved 1056768K
  class space    used 76K, capacity 384K, committed 384K, reserved 1048576K

Card table byte_map: [0x00000239f36e0000,0x00000239f39e0000] byte_map_base: 0x00000239f31d6000

Marking Bits: (ParMarkBitMap*) 0x0000000067757fe0
 Begin Bits: [0x00000239f3be0000, 0x00000239f5390000)
 End Bits:   [0x00000239f5390000, 0x00000239f6b40000)

Polling page: 0x00000239e42f0000

CodeCache: size=245760Kb used=327Kb max_used=327Kb free=245432Kb
 bounds [0x00000239e4320000, 0x00000239e4590000, 0x00000239f3320000]
 total_blobs=57 nmethods=0 adapters=38
 compilation: enabled

Compilation events (0 events):
No events

GC Heap History (0 events):
No events

Deoptimization events (0 events):
No events

Classes redefined (0 events):
No events

Internal exceptions (0 events):
No events

Events (10 events):
Event: 0.031 loading class java/lang/Short
Event: 0.031 loading class java/lang/Short done
Event: 0.031 loading class java/lang/Integer
Event: 0.032 loading class java/lang/Integer done
Event: 0.032 loading class java/lang/Long
Event: 0.032 loading class java/lang/Long done
Event: 0.032 loading class java/lang/NullPointerException
Event: 0.033 loading class java/lang/NullPointerException done
Event: 0.033 loading class java/lang/ArithmeticException
Event: 0.033 loading class java/lang/ArithmeticException done


Dynamic libraries:
0x00007ff620050000 - 0x00007ff620097000 	C:\Program Files\Java\jdk1.8.0_301\bin\javaw.exe
0x00007ffc9f350000 - 0x00007ffc9f564000 	C:\WINDOWS\SYSTEM32\ntdll.dll
0x00007ffc9e950000 - 0x00007ffc9ea13000 	C:\WINDOWS\System32\KERNEL32.DLL
0x00007ffc9cd40000 - 0x00007ffc9d0dc000 	C:\WINDOWS\System32\KERNELBASE.dll
0x00007ffc99ab0000 - 0x00007ffc99b47000 	C:\WINDOWS\SYSTEM32\apphelp.dll
0x00007ffc5d1c0000 - 0x00007ffc5d65e000 	C:\WINDOWS\SYSTEM32\AcLayers.DLL
0x00007ffc9d1b0000 - 0x00007ffc9d257000 	C:\WINDOWS\System32\msvcrt.dll
0x00007ffc9e370000 - 0x00007ffc9e3ce000 	C:\WINDOWS\System32\SHLWAPI.dll
0x00007ffc998c0000 - 0x00007ffc998d5000 	C:\WINDOWS\SYSTEM32\SortWindows6Compat.dll
0x00007ffc9e130000 - 0x00007ffc9e1de000 	C:\WINDOWS\System32\ADVAPI32.dll
0x00007ffc9e2c0000 - 0x00007ffc9e364000 	C:\WINDOWS\System32\sechost.dll
0x00007ffc9f090000 - 0x00007ffc9f1a5000 	C:\WINDOWS\System32\RPCRT4.dll
0x00007ffc9ea30000 - 0x00007ffc9ebdd000 	C:\WINDOWS\System32\USER32.dll
0x00007ffc9cd10000 - 0x00007ffc9cd36000 	C:\WINDOWS\System32\win32u.dll
0x00007ffc9f1c0000 - 0x00007ffc9f1e9000 	C:\WINDOWS\System32\GDI32.dll
0x00007ffc9c970000 - 0x00007ffc9ca83000 	C:\WINDOWS\System32\gdi32full.dll
0x00007ffc9cc70000 - 0x00007ffc9cd0a000 	C:\WINDOWS\System32\msvcp_win.dll
0x00007ffc9c790000 - 0x00007ffc9c8a1000 	C:\WINDOWS\System32\ucrtbase.dll
0x00007ffc82970000 - 0x00007ffc82bfe000 	C:\WINDOWS\WinSxS\amd64_microsoft.windows.common-controls_6595b64144ccf1df_6.0.22621.608_none_a9444ca7c10bb01d\COMCTL32.dll
0x00007ffc9de20000 - 0x00007ffc9de51000 	C:\WINDOWS\System32\IMM32.DLL
0x00007ffc87570000 - 0x00007ffc87585000 	C:\Program Files\Java\jdk1.8.0_301\jre\bin\vcruntime140.dll
0x00007ffc63c30000 - 0x00007ffc63ccb000 	C:\Program Files\Java\jdk1.8.0_301\jre\bin\msvcp140.dll
0x0000000066f70000 - 0x00000000677d0000 	C:\Program Files\Java\jdk1.8.0_301\jre\bin\server\jvm.dll
0x00007ffc9f1b0000 - 0x00007ffc9f1b8000 	C:\WINDOWS\System32\PSAPI.DLL
0x00007ffc93dc0000 - 0x00007ffc93dca000 	C:\WINDOWS\SYSTEM32\VERSION.dll
0x00007ffc94e90000 - 0x00007ffc94ec4000 	C:\WINDOWS\SYSTEM32\WINMM.dll
0x00007ffc99810000 - 0x00007ffc99819000 	C:\WINDOWS\SYSTEM32\WSOCK32.dll
0x00007ffc9e8d0000 - 0x00007ffc9e941000 	C:\WINDOWS\System32\WS2_32.dll
0x00007ffc9b7e0000 - 0x00007ffc9b7f8000 	C:\WINDOWS\SYSTEM32\kernel.appcore.dll
0x00007ffc8abd0000 - 0x00007ffc8abe0000 	C:\Program Files\Java\jdk1.8.0_301\jre\bin\verify.dll
0x00007ffc82cd0000 - 0x00007ffc82cfb000 	C:\Program Files\Java\jdk1.8.0_301\jre\bin\java.dll
0x00007ffc87550000 - 0x00007ffc87568000 	C:\Program Files\Java\jdk1.8.0_301\jre\bin\zip.dll
0x00007ffc89820000 - 0x00007ffc89a4e000 	C:\WINDOWS\SYSTEM32\dbghelp.dll
0x00007ffc9e450000 - 0x00007ffc9e7d9000 	C:\WINDOWS\System32\combase.dll
0x00007ffc9e1e0000 - 0x00007ffc9e2b7000 	C:\WINDOWS\System32\OLEAUT32.dll
0x00007ffc9d0e0000 - 0x00007ffc9d15b000 	C:\WINDOWS\System32\bcryptPrimitives.dll

VM Arguments:
jvm_args: -Dfile.encoding=Cp1252 
java_command: testScripts.Sample
java_class_path (initial): E:\SDET Training WS\webdriverSampleB1\target\test-classes;E:\SDET Training WS\webdriverSampleB1\target\classes;C:\Users\mohanapriya\.m2\repository\org\seleniumhq\selenium\selenium-java\4.6.0\selenium-java-4.6.0.jar;C:\Users\mohanapriya\.m2\repository\org\seleniumhq\selenium\selenium-api\4.6.0\selenium-api-4.6.0.jar;C:\Users\mohanapriya\.m2\repository\org\seleniumhq\selenium\selenium-chrome-driver\4.6.0\selenium-chrome-driver-4.6.0.jar;C:\Users\mohanapriya\.m2\repository\com\google\auto\service\auto-service-annotations\1.0.1\auto-service-annotations-1.0.1.jar;C:\Users\mohanapriya\.m2\repository\com\google\auto\service\auto-service\1.0.1\auto-service-1.0.1.jar;C:\Users\mohanapriya\.m2\repository\com\google\auto\auto-common\1.2\auto-common-1.2.jar;C:\Users\mohanapriya\.m2\repository\com\google\guava\guava\31.1-jre\guava-31.1-jre.jar;C:\Users\mohanapriya\.m2\repository\com\google\guava\failureaccess\1.0.1\failureaccess-1.0.1.jar;C:\Users\mohanapriya\.m2\repository\com\google\guava\listenablefuture\9999.0-empty-to-avoid-conflict-with-guava\listenablefuture-9999.0-empty-to-avoid-conflict-with-guava.jar;C:\Users\mohanapriya\.m2\repository\com\google\code\findbugs\jsr305\3.0.2\jsr305-3.0.2.jar;C:\Users\mohanapriya\.m2\repository\org\checkerframework\checker-qual\3.12.0\checker-qual-3.12.0.jar;C:\Users\mohanapriya\.m2\repository\com\google\errorprone\error_prone_annotations\2.11.0\error_prone_annotations-2.11.0.jar;C:\Users\mohanapriya\.m2\repository\com\google\j2objc\j2objc-annotations\1.3\j2objc-annotations-1.3.jar;C:\Users\mohanapriya\.m2\repository\org\seleniumhq\selenium\selenium-chromium-driver\4.6.0\selenium-chromium-driver-4.6.0.jar;C:\Users\mohanapriya\.m2\repository\org\seleniumhq\selenium\selenium-json\4.6.0\selenium-json-4.6.0.jar;C:\Users\mohanapriya\.m2\repository\org\seleniumhq\selenium\selenium-devtools-v105\4.6.0\selenium-devtools-v105-4.6.0.jar;C:\Users\mohanapriya\.m2\repository\org\seleniumhq\selenium\selenium-devtools-v106\4.
Launcher Type: SUN_STANDARD

Environment Variables:
JAVA_HOME=C:\Program Files\Java\jdk1.8.0_301
PATH=C:/Users/mohanapriya/.p2/pool/plugins/org.eclipse.justj.openjdk.hotspot.jre.full.win32.x86_64_17.0.2.v20220201-1208/jre/bin/server;C:/Users/mohanapriya/.p2/pool/plugins/org.eclipse.justj.openjdk.hotspot.jre.full.win32.x86_64_17.0.2.v20220201-1208/jre/bin;C:\Program Files\Java\jdk1.8.0_301;C:\Program Files\apache-maven-3.9.0\bin;C:\WINDOWS\system32;C:\WINDOWS;C:\WINDOWS\System32\Wbem;C:\WINDOWS\System32\WindowsPowerShell\v1.0\;C:\WINDOWS\System32\OpenSSH\;C:\Program Files (x86)\Common Files\Oracle\Java\javapath;C:\Program Files\Java\jdk1.8.0_301\bin;C:\Program Files\Java\jdk1.8.0_333;C:\Program Files\apache-maven-3.9.0\bin;C:\Program Files\Java\jdk1.8.0_301\bin;C:\Program Files\Java\jdk1.8.0_333\bin;C:\Program Files\Git\cmd;C:\Program Files\MySQL\MySQL Shell 8.0\bin\;C:\Python\Python37\Scripts\;C:\Python\Python37\;C:\Users\mohanapriya\AppData\Local\Microsoft\WindowsApps;C:\Program Files\CodeBlocks\MinGW\bin;C:\Users\mohanapriya\AppData\Local\Programs\Microsoft VS Code\bin;C:\Users\mohanapriya\OneDrive\Desktop;
USERNAME=mohanapriya
OS=Windows_NT
PROCESSOR_IDENTIFIER=AMD64 Family 23 Model 24 Stepping 1, AuthenticAMD



---------------  S Y S T E M  ---------------

OS: Windows 10.0 , 64 bit Build 22621 (10.0.22621.1344)

CPU:total 8 (initial active 8) (8 cores per cpu, 1 threads per core) family 23 model 24 stepping 1, cmov, cx8, fxsr, mmx, sse, sse2, sse3, ssse3, sse4.1, sse4.2, popcnt, avx, avx2, aes, clmul, mmxext, 3dnowpref, lzcnt, sse4a, tsc, tscinvbit, tscinv, bmi1

Memory: 4k page, physical 6203148k(1780248k free), swap 8300300k(5172k free)

vm_info: Java HotSpot(TM) 64-Bit Server VM (25.301-b09) for windows-amd64 JRE (1.8.0_301-b09), built on Jun  9 2021 06:46:21 by "java_re" with MS VC++ 15.9 (VS2017)

time: Thu Mar  9 21:12:25 2023
timezone: India Standard Time
elapsed time: 0.064507 seconds (0d 0h 0m 0s)

