#
# There is insufficient memory for the Java Runtime Environment to continue.
# Native memory allocation (malloc) failed to allocate 101536 bytes for Chunk::new
# Possible reasons:
#   The system is out of physical RAM or swap space
#   The process is running with CompressedOops enabled, and the Java Heap may be blocking the growth of the native heap
# Possible solutions:
#   Reduce memory load on the system
#   Increase physical memory or swap space
#   Check if swap backing store is full
#   Decrease Java heap size (-Xmx/-Xms)
#   Decrease number of Java threads
#   Decrease Java thread stack sizes (-Xss)
#   Set larger code cache with -XX:ReservedCodeCacheSize=
#   JVM is running with Unscaled Compressed Oops mode in which the Java heap is
#     placed in the first 4GB address space. The Java Heap base address is the
#     maximum limit for the native heap growth. Please use -XX:HeapBaseMinAddress
#     to set the Java Heap base and to place the Java Heap above 4GB virtual address.
# This output file may be truncated or incomplete.
#
#  Out of Memory Error (allocation.cpp:389), pid=14932, tid=0x00000000000030ec
#
# JRE version: Java(TM) SE Runtime Environment (8.0_301-b09) (build 1.8.0_301-b09)
# Java VM: Java HotSpot(TM) 64-Bit Server VM (25.301-b09 mixed mode windows-amd64 compressed oops)
# Failed to write core dump. Minidumps are not enabled by default on client versions of Windows
#

---------------  T H R E A D  ---------------

Current thread (0x0000017b55167000):  JavaThread "C2 CompilerThread0" daemon [_thread_in_native, id=12524, stack(0x0000002642b00000,0x0000002642c00000)]

Stack: [0x0000002642b00000,0x0000002642c00000]
Native frames: (J=compiled Java code, j=interpreted, Vv=VM code, C=native code)
V  [jvm.dll+0x32ed79]
V  [jvm.dll+0x275722]
V  [jvm.dll+0x2763cd]
V  [jvm.dll+0x26ce05]
V  [jvm.dll+0xd551c]
V  [jvm.dll+0xd5d1c]
V  [jvm.dll+0x452c72]
V  [jvm.dll+0x48dcdd]
V  [jvm.dll+0x442428]
V  [jvm.dll+0x43fee4]
V  [jvm.dll+0x42ae57]
V  [jvm.dll+0xac1bb]
V  [jvm.dll+0xaa81b]
V  [jvm.dll+0x23ddc2]
V  [jvm.dll+0x2923dc]
C  [ucrtbase.dll+0x29363]
C  [KERNEL32.DLL+0x126bd]
C  [ntdll.dll+0x5a9f8]


Current CompileTask:
C2:   1484  825 %     4       sun.security.provider.SHA::implCompress @ 12 (491 bytes)


---------------  P R O C E S S  ---------------

Java Threads: ( => current thread )
  0x0000017b567d8000 JavaThread "AsyncHttpClient-1-1" daemon [_thread_blocked, id=6928, stack(0x0000002643200000,0x0000002643300000)]
  0x0000017b55fed000 JavaThread "ForkJoinPool.commonPool-worker-1" daemon [_thread_blocked, id=2500, stack(0x0000002643100000,0x0000002643200000)]
  0x0000017b551b8000 JavaThread "Service Thread" daemon [_thread_blocked, id=8680, stack(0x0000002642f00000,0x0000002643000000)]
  0x0000017b55179800 JavaThread "C1 CompilerThread3" daemon [_thread_blocked, id=9688, stack(0x0000002642e00000,0x0000002642f00000)]
  0x0000017b55179000 JavaThread "C2 CompilerThread2" daemon [_thread_blocked, id=16056, stack(0x0000002642d00000,0x0000002642e00000)]
  0x0000017b55173800 JavaThread "C2 CompilerThread1" daemon [_thread_blocked, id=14496, stack(0x0000002642c00000,0x0000002642d00000)]
=>0x0000017b55167000 JavaThread "C2 CompilerThread0" daemon [_thread_in_native, id=12524, stack(0x0000002642b00000,0x0000002642c00000)]
  0x0000017b5515e000 JavaThread "Attach Listener" daemon [_thread_blocked, id=10156, stack(0x0000002642a00000,0x0000002642b00000)]
  0x0000017b55159000 JavaThread "Signal Dispatcher" daemon [_thread_blocked, id=3316, stack(0x0000002642900000,0x0000002642a00000)]
  0x0000017b533d3000 JavaThread "Finalizer" daemon [_thread_blocked, id=11496, stack(0x0000002642800000,0x0000002642900000)]
  0x0000017b533ca000 JavaThread "Reference Handler" daemon [_thread_blocked, id=8588, stack(0x0000002642700000,0x0000002642800000)]
  0x0000017b3df4e800 JavaThread "main" [_thread_in_native, id=15276, stack(0x0000002641d00000,0x0000002641e00000)]

Other Threads:
  0x0000017b53392800 VMThread [stack: 0x0000002642600000,0x0000002642700000] [id=11148]
  0x0000017b551b8800 WatcherThread [stack: 0x0000002643000000,0x0000002643100000] [id=9156]

VM state:not at safepoint (normal execution)

VM Mutex/Monitor currently owned by a thread: None

heap address: 0x00000000a1400000, size: 1516 MB, Compressed Oops mode: 32-bit
Narrow klass base: 0x0000000000000000, Narrow klass shift: 3
Compressed class space size: 1073741824 Address: 0x0000000100000000

Heap:
 PSYoungGen      total 28672K, used 4070K [0x00000000e0700000, 0x00000000e2700000, 0x0000000100000000)
  eden space 24576K, 16% used [0x00000000e0700000,0x00000000e0af9800,0x00000000e1f00000)
  from space 4096K, 0% used [0x00000000e2300000,0x00000000e2300000,0x00000000e2700000)
  to   space 4096K, 0% used [0x00000000e1f00000,0x00000000e1f00000,0x00000000e2300000)
 ParOldGen       total 44032K, used 3901K [0x00000000a1400000, 0x00000000a3f00000, 0x00000000e0700000)
  object space 44032K, 8% used [0x00000000a1400000,0x00000000a17cf540,0x00000000a3f00000)
 Metaspace       used 11371K, capacity 11660K, committed 11776K, reserved 1060864K
  class space    used 1343K, capacity 1454K, committed 1536K, reserved 1048576K

Card table byte_map: [0x0000017b4ef90000,0x0000017b4f290000] byte_map_base: 0x0000017b4ea86000

Marking Bits: (ParMarkBitMap*) 0x00000000728c7fe0
 Begin Bits: [0x0000017b4f490000, 0x0000017b50c40000)
 End Bits:   [0x0000017b50c40000, 0x0000017b523f0000)

Polling page: 0x0000017b3fba0000

CodeCache: size=245760Kb used=4223Kb max_used=4236Kb free=241536Kb
 bounds [0x0000017b3fbd0000, 0x0000017b40000000, 0x0000017b4ebd0000]
 total_blobs=1582 nmethods=1202 adapters=293
 compilation: enabled

Compilation events (10 events):
Event: 1.158 Thread 0x0000017b55179800  815       3       java.lang.StringCoding::access$300 (8 bytes)
Event: 1.158 Thread 0x0000017b55179800 nmethod 815 0x0000017b3feebe50 code [0x0000017b3feebfe0, 0x0000017b3feec510]
Event: 1.158 Thread 0x0000017b55179800  809       3       sun.nio.fs.WindowsPathParser::parse (384 bytes)
Event: 1.159 Thread 0x0000017b55167000  825 %     4       sun.security.provider.SHA::implCompress @ 12 (491 bytes)
Event: 1.162 Thread 0x0000017b55179800 nmethod 809 0x0000017b3feed2d0 code [0x0000017b3feed840, 0x0000017b3fef13d0]
Event: 1.162 Thread 0x0000017b55179800  810       3       sun.nio.fs.WindowsPathParser::isLetter (30 bytes)
Event: 1.162 Thread 0x0000017b55179800 nmethod 810 0x0000017b3feeb650 code [0x0000017b3feeb7a0, 0x0000017b3feeb9d8]
Event: 1.162 Thread 0x0000017b55179800  817       3       sun.nio.fs.WindowsPathParser$Result::<init> (20 bytes)
Event: 1.162 Thread 0x0000017b55179800 nmethod 817 0x0000017b3feeb250 code [0x0000017b3feeb3a0, 0x0000017b3feeb598]
Event: 1.162 Thread 0x0000017b55179800  818       3       sun.nio.fs.WindowsDirectoryStream$WindowsDirectoryIterator::isSelfOrParent (24 bytes)

GC Heap History (2 events):
Event: 0.828 GC heap before
{Heap before GC invocations=1 (full 0):
 PSYoungGen      total 28672K, used 24576K [0x00000000e0700000, 0x00000000e2700000, 0x0000000100000000)
  eden space 24576K, 100% used [0x00000000e0700000,0x00000000e1f00000,0x00000000e1f00000)
  from space 4096K, 0% used [0x00000000e2300000,0x00000000e2300000,0x00000000e2700000)
  to   space 4096K, 0% used [0x00000000e1f00000,0x00000000e1f00000,0x00000000e2300000)
 ParOldGen       total 65536K, used 0K [0x00000000a1400000, 0x00000000a5400000, 0x00000000e0700000)
  object space 65536K, 0% used [0x00000000a1400000,0x00000000a1400000,0x00000000a5400000)
 Metaspace       used 10080K, capacity 10288K, committed 10496K, reserved 1058816K
  class space    used 1201K, capacity 1279K, committed 1280K, reserved 1048576K
Event: 0.836 GC heap after
Heap after GC invocations=1 (full 0):
 PSYoungGen      total 28672K, used 4071K [0x00000000e0700000, 0x00000000e2700000, 0x0000000100000000)
  eden space 24576K, 0% used [0x00000000e0700000,0x00000000e0700000,0x00000000e1f00000)
  from space 4096K, 99% used [0x00000000e1f00000,0x00000000e22f9dd0,0x00000000e2300000)
  to   space 4096K, 0% used [0x00000000e2300000,0x00000000e2300000,0x00000000e2700000)
 ParOldGen       total 65536K, used 971K [0x00000000a1400000, 0x00000000a5400000, 0x00000000e0700000)
  object space 65536K, 1% used [0x00000000a1400000,0x00000000a14f2cb8,0x00000000a5400000)
 Metaspace       used 10080K, capacity 10288K, committed 10496K, reserved 1058816K
  class space    used 1201K, capacity 1279K, committed 1280K, reserved 1048576K
}

Deoptimization events (3 events):
Event: 0.759 Thread 0x0000017b3df4e800 Uncommon trap: reason=unstable_if action=reinterpret pc=0x0000017b3fe1bee8 method=sun.misc.MetaIndex.mayContain(Ljava/lang/String;)Z @ 38
Event: 0.865 Thread 0x0000017b3df4e800 Uncommon trap: reason=class_check action=maybe_recompile pc=0x0000017b3fedc01c method=java.util.regex.Pattern$BmpCharProperty.match(Ljava/util/regex/Matcher;ILjava/lang/CharSequence;)Z @ 31
Event: 0.865 Thread 0x0000017b3df4e800 Uncommon trap: reason=unstable_if action=reinterpret pc=0x0000017b3fedbfb8 method=java.util.regex.Pattern$BmpCharProperty.match(Ljava/util/regex/Matcher;ILjava/lang/CharSequence;)Z @ 5

Classes redefined (0 events):
No events

Internal exceptions (10 events):
Event: 0.445 Thread 0x0000017b3df4e800 Exception <a 'java/lang/NoSuchMethodError': java.lang.Object.lambda$static$1()Ljava/lang/String;> (0x00000000e0d0a6c8) thrown at [C:\jenkins\workspace\8-2-build-windows-amd64-cygwin\jdk8u301\1513\hotspot\src\share\vm\interpreter\linkResolver.cpp, line 620
Event: 0.445 Thread 0x0000017b3df4e800 Exception <a 'java/lang/NoSuchMethodError': java.lang.Object.lambda$static$2()Ljava/lang/String;> (0x00000000e0d0c6b0) thrown at [C:\jenkins\workspace\8-2-build-windows-amd64-cygwin\jdk8u301\1513\hotspot\src\share\vm\interpreter\linkResolver.cpp, line 620
Event: 0.445 Thread 0x0000017b3df4e800 Exception <a 'java/lang/NoSuchMethodError': java.lang.Object.lambda$static$3()Ljava/lang/String;> (0x00000000e0d0e698) thrown at [C:\jenkins\workspace\8-2-build-windows-amd64-cygwin\jdk8u301\1513\hotspot\src\share\vm\interpreter\linkResolver.cpp, line 620
Event: 0.512 Thread 0x0000017b3df4e800 Exception <a 'java/lang/NoSuchMethodError': java.lang.Object.lambda$create$0(Lorg/openqa/selenium/remote/http/HttpClient$Factory;)Z> (0x00000000e0fad488) thrown at [C:\jenkins\workspace\8-2-build-windows-amd64-cygwin\jdk8u301\1513\hotspot\src\share\vm\int
Event: 0.513 Thread 0x0000017b3df4e800 Exception <a 'java/lang/NoSuchMethodError': java.lang.Object.lambda$create$1(Ljava/lang/String;Lorg/openqa/selenium/remote/http/HttpClient$Factory;)Z> (0x00000000e0fb41c0) thrown at [C:\jenkins\workspace\8-2-build-windows-amd64-cygwin\jdk8u301\1513\hotspo
Event: 0.632 Thread 0x0000017b3df4e800 Exception <a 'java/lang/NoClassDefFoundError': org/slf4j/impl/StaticLoggerBinder> (0x00000000e14b79c8) thrown at [C:\jenkins\workspace\8-2-build-windows-amd64-cygwin\jdk8u301\1513\hotspot\src\share\vm\classfile\systemDictionary.cpp, line 201]
Event: 0.650 Thread 0x0000017b3df4e800 Exception <a 'java/lang/NoClassDefFoundError'> (0x00000000e15753b0) thrown at [C:\jenkins\workspace\8-2-build-windows-amd64-cygwin\jdk8u301\1513\hotspot\src\share\vm\oops\instanceKlass.cpp, line 959]
Event: 0.651 Thread 0x0000017b3df4e800 Exception <a 'java/lang/NoClassDefFoundError': org/apache/logging/log4j/spi/ExtendedLoggerWrapper> (0x00000000e158eef0) thrown at [C:\jenkins\workspace\8-2-build-windows-amd64-cygwin\jdk8u301\1513\hotspot\src\share\vm\classfile\systemDictionary.cpp, line 
Event: 0.651 Thread 0x0000017b3df4e800 Exception <a 'java/lang/NoClassDefFoundError'> (0x00000000e158eef0) thrown at [C:\jenkins\workspace\8-2-build-windows-amd64-cygwin\jdk8u301\1513\hotspot\src\share\vm\prims\jvm.cpp, line 1527]
Event: 0.652 Thread 0x0000017b3df4e800 Exception <a 'java/lang/NoClassDefFoundError': org/apache/log4j/Priority> (0x00000000e15a6170) thrown at [C:\jenkins\workspace\8-2-build-windows-amd64-cygwin\jdk8u301\1513\hotspot\src\share\vm\classfile\systemDictionary.cpp, line 201]

Events (10 events):
Event: 1.152 loading class java/nio/file/attribute/BasicFileAttributes
Event: 1.152 loading class java/nio/file/attribute/BasicFileAttributes done
Event: 1.152 loading class java/nio/file/attribute/DosFileAttributes done
Event: 1.152 loading class sun/nio/fs/WindowsFileAttributes done
Event: 1.152 loading class sun/nio/fs/WindowsDirectoryStream$WindowsDirectoryIterator
Event: 1.152 loading class sun/nio/fs/WindowsDirectoryStream$WindowsDirectoryIterator done
Event: 1.153 loading class sun/nio/fs/WindowsPath$WindowsPathWithAttributes
Event: 1.153 loading class sun/nio/fs/BasicFileAttributesHolder
Event: 1.153 loading class sun/nio/fs/BasicFileAttributesHolder done
Event: 1.153 loading class sun/nio/fs/WindowsPath$WindowsPathWithAttributes done


Dynamic libraries:
0x00007ff76a560000 - 0x00007ff76a5a7000 	C:\Program Files\Java\jdk1.8.0_301\bin\javaw.exe
0x00007ff860150000 - 0x00007ff860364000 	C:\WINDOWS\SYSTEM32\ntdll.dll
0x00007ff85f400000 - 0x00007ff85f4c3000 	C:\WINDOWS\System32\KERNEL32.DLL
0x00007ff85d700000 - 0x00007ff85da9c000 	C:\WINDOWS\System32\KERNELBASE.dll
0x00007ff85a9c0000 - 0x00007ff85aa57000 	C:\WINDOWS\SYSTEM32\apphelp.dll
0x00007ff835110000 - 0x00007ff8355ae000 	C:\WINDOWS\SYSTEM32\AcLayers.DLL
0x00007ff85e670000 - 0x00007ff85e717000 	C:\WINDOWS\System32\msvcrt.dll
0x00007ff85e0c0000 - 0x00007ff85e11e000 	C:\WINDOWS\System32\SHLWAPI.dll
0x00007ff859010000 - 0x00007ff859025000 	C:\WINDOWS\SYSTEM32\SortWindows6Compat.dll
0x00007ff85f1a0000 - 0x00007ff85f24e000 	C:\WINDOWS\System32\ADVAPI32.dll
0x00007ff85e780000 - 0x00007ff85e824000 	C:\WINDOWS\System32\sechost.dll
0x00007ff85f250000 - 0x00007ff85f365000 	C:\WINDOWS\System32\RPCRT4.dll
0x00007ff85fac0000 - 0x00007ff85fc6d000 	C:\WINDOWS\System32\USER32.dll
0x00007ff85dd70000 - 0x00007ff85dd96000 	C:\WINDOWS\System32\win32u.dll
0x00007ff8600d0000 - 0x00007ff8600f9000 	C:\WINDOWS\System32\GDI32.dll
0x00007ff85dda0000 - 0x00007ff85deb3000 	C:\WINDOWS\System32\gdi32full.dll
0x00007ff85dec0000 - 0x00007ff85df5a000 	C:\WINDOWS\System32\msvcp_win.dll
0x00007ff85db10000 - 0x00007ff85dc21000 	C:\WINDOWS\System32\ucrtbase.dll
0x00007ff843d70000 - 0x00007ff843ffe000 	C:\WINDOWS\WinSxS\amd64_microsoft.windows.common-controls_6595b64144ccf1df_6.0.22621.608_none_a9444ca7c10bb01d\COMCTL32.dll
0x00007ff85e830000 - 0x00007ff85e861000 	C:\WINDOWS\System32\IMM32.DLL
0x00007ff858c30000 - 0x00007ff858c45000 	C:\Program Files\Java\jdk1.8.0_301\jre\bin\vcruntime140.dll
0x00007ff858b90000 - 0x00007ff858c2b000 	C:\Program Files\Java\jdk1.8.0_301\jre\bin\msvcp140.dll
0x00000000720e0000 - 0x0000000072940000 	C:\Program Files\Java\jdk1.8.0_301\jre\bin\server\jvm.dll
0x00007ff85e720000 - 0x00007ff85e728000 	C:\WINDOWS\System32\PSAPI.DLL
0x00007ff855110000 - 0x00007ff855144000 	C:\WINDOWS\SYSTEM32\WINMM.dll
0x00007ff859000000 - 0x00007ff859009000 	C:\WINDOWS\SYSTEM32\WSOCK32.dll
0x00007ff854080000 - 0x00007ff85408a000 	C:\WINDOWS\SYSTEM32\VERSION.dll
0x00007ff85f5c0000 - 0x00007ff85f631000 	C:\WINDOWS\System32\WS2_32.dll
0x00007ff85c5e0000 - 0x00007ff85c5f8000 	C:\WINDOWS\SYSTEM32\kernel.appcore.dll
0x00007ff858b80000 - 0x00007ff858b90000 	C:\Program Files\Java\jdk1.8.0_301\jre\bin\verify.dll
0x00007ff858b50000 - 0x00007ff858b7b000 	C:\Program Files\Java\jdk1.8.0_301\jre\bin\java.dll
0x00007ff857bd0000 - 0x00007ff857be8000 	C:\Program Files\Java\jdk1.8.0_301\jre\bin\zip.dll
0x00007ff85e9b0000 - 0x00007ff85f1a0000 	C:\WINDOWS\System32\SHELL32.dll
0x00007ff85b5a0000 - 0x00007ff85be6e000 	C:\WINDOWS\SYSTEM32\windows.storage.dll
0x00007ff85e1d0000 - 0x00007ff85e559000 	C:\WINDOWS\System32\combase.dll
0x00007ff85b460000 - 0x00007ff85b59e000 	C:\WINDOWS\SYSTEM32\wintypes.dll
0x00007ff85fc70000 - 0x00007ff85fd61000 	C:\WINDOWS\System32\SHCORE.dll
0x00007ff85d4c0000 - 0x00007ff85d4e1000 	C:\WINDOWS\SYSTEM32\profapi.dll
0x00007ff83d210000 - 0x00007ff83d22c000 	C:\Program Files\Java\jdk1.8.0_301\jre\bin\net.dll
0x00007ff85ca50000 - 0x00007ff85cab9000 	C:\WINDOWS\system32\mswsock.dll
0x00007ff85c130000 - 0x00007ff85c223000 	C:\WINDOWS\SYSTEM32\DNSAPI.dll
0x00007ff85c0c0000 - 0x00007ff85c0ed000 	C:\WINDOWS\SYSTEM32\IPHLPAPI.DLL
0x00007ff85e560000 - 0x00007ff85e569000 	C:\WINDOWS\System32\NSI.dll
0x00007ff847c30000 - 0x00007ff847c3a000 	C:\Windows\System32\rasadhlp.dll
0x00007ff8543a0000 - 0x00007ff854423000 	C:\WINDOWS\System32\fwpuclnt.dll
0x00007ff8290f0000 - 0x00007ff829114000 	C:\Program Files\Java\jdk1.8.0_301\jre\bin\sunec.dll
0x00007ff857070000 - 0x00007ff857089000 	C:\WINDOWS\SYSTEM32\dhcpcsvc6.DLL
0x00007ff857040000 - 0x00007ff85705f000 	C:\WINDOWS\SYSTEM32\dhcpcsvc.DLL
0x00007ff83d1f0000 - 0x00007ff83d203000 	C:\Program Files\Java\jdk1.8.0_301\jre\bin\nio.dll
0x00007ff85ccc0000 - 0x00007ff85ccdb000 	C:\WINDOWS\SYSTEM32\CRYPTSP.dll
0x00007ff85c550000 - 0x00007ff85c585000 	C:\WINDOWS\system32\rsaenh.dll
0x00007ff85cb50000 - 0x00007ff85cb78000 	C:\WINDOWS\SYSTEM32\USERENV.dll
0x00007ff85ce50000 - 0x00007ff85ce78000 	C:\WINDOWS\SYSTEM32\bcrypt.dll
0x00007ff85dc30000 - 0x00007ff85dcab000 	C:\WINDOWS\System32\bcryptprimitives.dll
0x00007ff85ccb0000 - 0x00007ff85ccbc000 	C:\WINDOWS\SYSTEM32\CRYPTBASE.dll
0x00007ff84a620000 - 0x00007ff84a84e000 	C:\WINDOWS\SYSTEM32\dbghelp.dll
0x00007ff85f4e0000 - 0x00007ff85f5b7000 	C:\WINDOWS\System32\OLEAUT32.dll

VM Arguments:
jvm_args: -Dfile.encoding=Cp1252 
java_command: testScripts.GooglePageTest
java_class_path (initial): E:\SDET Training WS\webdriverSampleB1\target\test-classes;E:\SDET Training WS\webdriverSampleB1\target\classes;C:\Users\mohanapriya\.m2\repository\org\seleniumhq\selenium\selenium-java\4.6.0\selenium-java-4.6.0.jar;C:\Users\mohanapriya\.m2\repository\org\seleniumhq\selenium\selenium-api\4.6.0\selenium-api-4.6.0.jar;C:\Users\mohanapriya\.m2\repository\org\seleniumhq\selenium\selenium-chrome-driver\4.6.0\selenium-chrome-driver-4.6.0.jar;C:\Users\mohanapriya\.m2\repository\com\google\auto\service\auto-service-annotations\1.0.1\auto-service-annotations-1.0.1.jar;C:\Users\mohanapriya\.m2\repository\com\google\auto\service\auto-service\1.0.1\auto-service-1.0.1.jar;C:\Users\mohanapriya\.m2\repository\com\google\auto\auto-common\1.2\auto-common-1.2.jar;C:\Users\mohanapriya\.m2\repository\com\google\guava\guava\31.1-jre\guava-31.1-jre.jar;C:\Users\mohanapriya\.m2\repository\com\google\guava\failureaccess\1.0.1\failureaccess-1.0.1.jar;C:\Users\mohanapriya\.m2\repository\com\google\guava\listenablefuture\9999.0-empty-to-avoid-conflict-with-guava\listenablefuture-9999.0-empty-to-avoid-conflict-with-guava.jar;C:\Users\mohanapriya\.m2\repository\com\google\code\findbugs\jsr305\3.0.2\jsr305-3.0.2.jar;C:\Users\mohanapriya\.m2\repository\org\checkerframework\checker-qual\3.12.0\checker-qual-3.12.0.jar;C:\Users\mohanapriya\.m2\repository\com\google\errorprone\error_prone_annotations\2.11.0\error_prone_annotations-2.11.0.jar;C:\Users\mohanapriya\.m2\repository\com\google\j2objc\j2objc-annotations\1.3\j2objc-annotations-1.3.jar;C:\Users\mohanapriya\.m2\repository\org\seleniumhq\selenium\selenium-chromium-driver\4.6.0\selenium-chromium-driver-4.6.0.jar;C:\Users\mohanapriya\.m2\repository\org\seleniumhq\selenium\selenium-json\4.6.0\selenium-json-4.6.0.jar;C:\Users\mohanapriya\.m2\repository\org\seleniumhq\selenium\selenium-devtools-v105\4.6.0\selenium-devtools-v105-4.6.0.jar;C:\Users\mohanapriya\.m2\repository\org\seleniumhq\selenium\selenium-devtools-v106\4.
Launcher Type: SUN_STANDARD

Environment Variables:
JAVA_HOME=C:\Program Files\Java\jdk1.8.0_301
PATH=C:/Users/mohanapriya/.p2/pool/plugins/org.eclipse.justj.openjdk.hotspot.jre.full.win32.x86_64_17.0.2.v20220201-1208/jre/bin/server;C:/Users/mohanapriya/.p2/pool/plugins/org.eclipse.justj.openjdk.hotspot.jre.full.win32.x86_64_17.0.2.v20220201-1208/jre/bin;C:\Program Files\Java\jdk1.8.0_301;C:\Program Files\apache-maven-3.9.0\bin;C:\WINDOWS\system32;C:\WINDOWS;C:\WINDOWS\System32\Wbem;C:\WINDOWS\System32\WindowsPowerShell\v1.0\;C:\WINDOWS\System32\OpenSSH\;C:\Program Files (x86)\Common Files\Oracle\Java\javapath;C:\Program Files\Java\jdk1.8.0_301\bin;C:\Program Files\Java\jdk1.8.0_333;C:\Program Files\apache-maven-3.9.0\bin;C:\Program Files\Java\jdk1.8.0_301\bin;C:\Program Files\Java\jdk1.8.0_333\bin;C:\Program Files\Git\cmd;C:\Program Files\MySQL\MySQL Shell 8.0\bin\;C:\Python\Python37\Scripts\;C:\Python\Python37\;C:\Users\mohanapriya\AppData\Local\Microsoft\WindowsApps;C:\Program Files\CodeBlocks\MinGW\bin;C:\Users\mohanapriya\AppData\Local\Programs\Microsoft VS Code\bin;C:\Users\mohanapriya\OneDrive\Desktop;
USERNAME=mohanapriya
OS=Windows_NT
PROCESSOR_IDENTIFIER=AMD64 Family 23 Model 24 Stepping 1, AuthenticAMD



---------------  S Y S T E M  ---------------

OS: Windows 10.0 , 64 bit Build 22621 (10.0.22621.1344)

CPU:total 8 (initial active 8) (8 cores per cpu, 1 threads per core) family 23 model 24 stepping 1, cmov, cx8, fxsr, mmx, sse, sse2, sse3, ssse3, sse4.1, sse4.2, popcnt, avx, avx2, aes, clmul, mmxext, 3dnowpref, lzcnt, sse4a, tsc, tscinvbit, tscinv, bmi1

Memory: 4k page, physical 6203148k(1169716k free), swap 8300300k(13652k free)

vm_info: Java HotSpot(TM) 64-Bit Server VM (25.301-b09) for windows-amd64 JRE (1.8.0_301-b09), built on Jun  9 2021 06:46:21 by "java_re" with MS VC++ 15.9 (VS2017)

time: Thu Mar  9 14:03:44 2023
timezone: India Standard Time
elapsed time: 1.491510 seconds (0d 0h 0m 1s)

